<?xml version="1.0" encoding="UTF-8"?>
<testsuite name="PageShouldBeLoad" tests="1" skipped="0" failures="0" errors="0" timestamp="2023-10-10T16:49:45" hostname="DESKTOP-H2VTUA6" time="11.146">
  <properties/>
  <testcase name="pageShouldBeLoad()" classname="PageShouldBeLoad" time="11.146"/>
  <system-out><![CDATA[]]></system-out>
  <system-err><![CDATA[[Test worker] INFO com.codeborne.selenide.impl.WebDriverThreadLocalContainer - No webdriver is bound to current thread: 1 - let's create a new webdriver
[Test worker] INFO com.codeborne.selenide.impl.FileHelper - Creating folder: C:\Users\zero\IdeaProjects\aqa_2\build\downloads\1696956585980_4376_1
[Test worker] INFO com.codeborne.selenide.webdriver.SelenideNettyClientFactory - Changed readTimeout from PT3M to PT1M30S
[Test worker] INFO com.codeborne.selenide.webdriver.SelenideNettyClientFactory - Changed readTimeout from PT3M to PT1M30S
[Test worker] INFO com.codeborne.selenide.webdriver.WebDriverFactory - BrowserName=chrome Version=117.0.5938.149 Platform=windows
[Test worker] INFO com.codeborne.selenide.webdriver.WebDriverFactory - Selenide v. 6.19.0
[Test worker] INFO com.codeborne.selenide.webdriver.WebDriverFactory - Selenium WebDriver v. 4.13.0 build revision: ba948ece5b*
[Test worker] INFO com.codeborne.selenide.drivercommands.CreateDriverCommand - Created webdriver in thread 1: ChromeDriver -> ChromeDriver: chrome on windows (bc8ae1bb1c6199961fbde035e74cc094)
[Test worker] INFO com.codeborne.selenide.drivercommands.DisposablesRegistry - Register WebDriverInstance[config=StaticConfig,webDriver=ChromeDriver: chrome on windows (bc8ae1bb1c6199961fbde035e74cc094),proxy=null,downloadsFolder=C:\Users\zero\IdeaProjects\aqa_2\build\downloads\1696956585980_4376_1] in 1 [size=1]
[Test worker] INFO com.codeborne.selenide.drivercommands.DisposablesRegistry - Add shutdown hook in 1 [size=1]
[Test worker] INFO com.codeborne.selenide.impl.WebDriverThreadLocalContainer - Browser will stay open due to holdBrowserOpen=true: 1 -> ChromeDriver: chrome on windows (bc8ae1bb1c6199961fbde035e74cc094)
]]></system-err>
</testsuite>
