<?xml version="1.0" encoding="UTF-8"?>
<testsuite name="PageShouldBeLoad" tests="1" skipped="0" failures="0" errors="0" timestamp="2023-10-09T20:38:17" hostname="DESKTOP-H2VTUA6" time="10.416">
  <properties/>
  <testcase name="pageShouldBeLoad()" classname="PageShouldBeLoad" time="10.416"/>
  <system-out><![CDATA[]]></system-out>
  <system-err><![CDATA[[Test worker] INFO com.codeborne.selenide.impl.WebDriverThreadLocalContainer - No webdriver is bound to current thread: 1 - let's create a new webdriver
[Test worker] INFO com.codeborne.selenide.impl.FileHelper - Creating folder: C:\Users\zero\IdeaProjects\aqa_2\build\downloads\1696883897817_2984_1
[Test worker] INFO com.codeborne.selenide.webdriver.SelenideNettyClientFactory - Changed readTimeout from PT3M to PT1M30S
[Test worker] INFO com.codeborne.selenide.webdriver.SelenideNettyClientFactory - Changed readTimeout from PT3M to PT1M30S
[Test worker] INFO com.codeborne.selenide.webdriver.WebDriverFactory - BrowserName=chrome Version=117.0.5938.149 Platform=windows
[Test worker] INFO com.codeborne.selenide.webdriver.WebDriverFactory - Selenide v. 6.19.0
[Test worker] INFO com.codeborne.selenide.webdriver.WebDriverFactory - Selenium WebDriver v. 4.13.0 build revision: ba948ece5b*
[Test worker] INFO com.codeborne.selenide.drivercommands.CreateDriverCommand - Created webdriver in thread 1: ChromeDriver -> ChromeDriver: chrome on windows (c2350ad119aca57665e3b30a2f8bd77d)
[Test worker] INFO com.codeborne.selenide.drivercommands.DisposablesRegistry - Register WebDriverInstance[config=StaticConfig,webDriver=ChromeDriver: chrome on windows (c2350ad119aca57665e3b30a2f8bd77d),proxy=null,downloadsFolder=C:\Users\zero\IdeaProjects\aqa_2\build\downloads\1696883897817_2984_1] in 1 [size=1]
[Test worker] INFO com.codeborne.selenide.drivercommands.DisposablesRegistry - Add shutdown hook in 1 [size=1]
[Test worker] INFO com.codeborne.selenide.impl.WebDriverThreadLocalContainer - Browser will stay open due to holdBrowserOpen=true: 1 -> ChromeDriver: chrome on windows (c2350ad119aca57665e3b30a2f8bd77d)
]]></system-err>
</testsuite>
